
> audit_web_sdk@0.1.0 test /Users/aydanbrown/arco/repos/audit_web_sdk
> ava


  ✔ BEM.ts › block
  ✔ BEM.ts › modifiers
  ✔ Grammar.ts › capitalise
  ✔ Grammar.ts › fullStop
  ✔ Grammar.ts › sentence
  ✖ Grammar.ts › failing test 
  ✔ FormLogic.ts › summary
  ✔ FormState.ts › initiate creates an empty FormState instance
  ✔ FormState.ts › constructs with given data
  ✔ FormState.ts › value returns the correct value
  ✔ FormState.ts › detail returns the correct detail
  ✔ FormState.ts › findCurrentSection returns the correct section
  ✔ FormState.ts › sectionProgress returns the correct percentage (129ms)
  ✔ FormState.ts › changeCurrentSectionID updates the currentSectionID (134ms)
  ✔ FormState.ts › changeValue updates the given value (133ms)
  ✔ FormState.ts › changeDetails merges details (132ms)
  ✔ FormState.ts › save calls saver function with FormState (132ms)
  ✔ Validation.ts › validate succeeds and fails
  ✔ Validation.ts › custom validation messages
  ✔ Questions.ts › isComplete text
  ✔ Questions.ts › isComplete multi_text
  ✔ Questions.ts › isComplete number
  ✔ Questions.ts › isComplete percentage
  ✔ Questions.ts › isComplete button
  ✔ Questions.ts › isComplete multi_button
  ✔ Questions.ts › isComplete dropdown
  ✔ Questions.ts › isComplete date
  ✔ Questions.ts › isComplete date_range

  1 test failed

  Grammar.ts › failing test

  /Users/aydanbrown/arco/repos/audit_web_sdk/src/js/__tests__/Grammar.test.ts:32

   31: test("failing test", (t) => {
   32:   t.is(1, 2);                
   33: });                          

  Difference:

  - 1
  + 2

